<?xml version="1.0" encoding="UTF-8"?>
<!-- Generated by org.testng.reporters.JUnitReportReporter -->
<testsuite hostname="DESKTOP-N31AQQE" failures="0" tests="2" name="Framework.Testng.Classn2" time="0.004" errors="0" timestamp="2023-11-28T20:37:05 PKT" skipped="0">
  <testcase classname="Framework.Testng.Classn2" name="test6" time="0.002"/>
  <system-out/>
  <testcase classname="Framework.Testng.Classn2" name="test7" time="0.002"/>
  <system-out/>
</testsuite> <!-- Framework.Testng.Classn2 -->
