<?xml version="1.0" encoding="UTF-8"?>
<!-- Generated by org.testng.reporters.JUnitReportReporter -->
<testsuite hostname="DESKTOP-N31AQQE" failures="0" tests="4" name="Framework.Testng.Classn3" time="0.004" errors="0" timestamp="2023-11-28T20:37:05 PKT" skipped="0">
  <testcase classname="Framework.Testng.Classn3" name="test9" time="0.001"/>
  <system-out/>
  <testcase classname="Framework.Testng.Classn3" name="test12" time="0.001"/>
  <system-out/>
  <testcase classname="Framework.Testng.Classn3" name="test10" time="0.001"/>
  <system-out/>
  <testcase classname="Framework.Testng.Classn3" name="test11" time="0.001"/>
  <system-out/>
</testsuite> <!-- Framework.Testng.Classn3 -->
