<?xml version="1.0" encoding="UTF-8"?>
<!-- Generated by org.testng.reporters.JUnitReportReporter -->
<testsuite hostname="DESKTOP-N31AQQE" failures="0" tests="2" name="Framework.Testng.Classn1" time="0.009" errors="0" timestamp="2023-11-30T15:26:49 PKT" skipped="0">
  <testcase classname="Framework.Testng.Classn1" name="test2" time="0.007"/>
  <system-out/>
  <testcase classname="Framework.Testng.Classn1" name="test3" time="0.002"/>
  <system-out/>
</testsuite> <!-- Framework.Testng.Classn1 -->
