<?xml version="1.0" encoding="UTF-8"?>
<!-- Generated by org.testng.reporters.JUnitReportReporter -->
<testsuite hostname="DESKTOP-N31AQQE" failures="0" tests="2" name="Framework.Testng.Classn4" time="0.002" errors="0" timestamp="2023-11-28T20:37:05 PKT" skipped="0">
  <testcase classname="Framework.Testng.Classn4" name="test13" time="0.001"/>
  <system-out/>
  <testcase classname="Framework.Testng.Classn4" name="test14" time="0.001"/>
  <system-out/>
</testsuite> <!-- Framework.Testng.Classn4 -->
